# JRE version: OpenJDK Runtime Environment (21.0.2+13) (build 21.0.2+13-58)
# Java VM: OpenJDK 64-Bit Server VM (21.0.2+13-58, mixed mode, sharing, tiered, compressed oops, compressed class ptrs, g1 gc, bsd-aarch64)
GC Precious Log:
 CardTable entry size: 512
 Card Set container configuration: InlinePtr #cards 5 size 8 Array Of Cards #cards 12 size 40 Howl #buckets 4 coarsen threshold 1843 Howl Bitmap #cards 512 size 80 coarsen threshold 460 Card regions per heap region 1 cards per card region 2048
 CPUs: 10 total, 10 available
 Memory: 16384M
 Large Page Support: Disabled
 NUMA Support: Disabled
 Compressed Oops: Enabled (Zero based)
 Heap Region Size: 1M
 Heap Min Capacity: 8M
 Heap Initial Capacity: 256M
 Heap Max Capacity: 1G
 Pre-touch: Disabled
 Parallel Workers: 9
 Concurrent Workers: 2
 Concurrent Refinement Workers: 9
 Periodic GC: Disabled
Heap:
 garbage-first heap   total 256000K, used 79763K [0x00000007c0000000, 0x0000000800000000)
  region size 1024K, 1 young (1024K), 0 survivors (0K)
 Metaspace       used 10112K, committed 10368K, reserved 1114112K
  class space    used 1494K, committed 1600K, reserved 1048576K
GC Heap History (20 events):
Event: 458.512 GC heap before
{Heap before GC invocations=394 (full 15):
 garbage-first heap   total 256000K, used 232374K [0x00000007c0000000, 0x0000000800000000)
  region size 1024K, 150 young (153600K), 1 survivors (1024K)
 Metaspace       used 10110K, committed 10368K, reserved 1114112K
  class space    used 1493K, committed 1600K, reserved 1048576K
}
Event: 458.513 GC heap after
{Heap after GC invocations=395 (full 15):
 garbage-first heap   total 256000K, used 79786K [0x00000007c0000000, 0x0000000800000000)
  region size 1024K, 1 young (1024K), 1 survivors (1024K)
 Metaspace       used 10110K, committed 10368K, reserved 1114112K
  class space    used 1493K, committed 1600K, reserved 1048576K
}
Event: 458.734 GC heap before
{Heap before GC invocations=395 (full 15):
 garbage-first heap   total 256000K, used 232362K [0x00000007c0000000, 0x0000000800000000)
  region size 1024K, 150 young (153600K), 1 survivors (1024K)
 Metaspace       used 10110K, committed 10368K, reserved 1114112K
  class space    used 1493K, committed 1600K, reserved 1048576K
}
Event: 458.735 GC heap after
{Heap after GC invocations=396 (full 15):
 garbage-first heap   total 256000K, used 79786K [0x00000007c0000000, 0x0000000800000000)
  region size 1024K, 1 young (1024K), 1 survivors (1024K)
 Metaspace       used 10110K, committed 10368K, reserved 1114112K
  class space    used 1493K, committed 1600K, reserved 1048576K
}
Event: 458.953 GC heap before
{Heap before GC invocations=396 (full 15):
 garbage-first heap   total 256000K, used 232362K [0x00000007c0000000, 0x0000000800000000)
  region size 1024K, 150 young (153600K), 1 survivors (1024K)
 Metaspace       used 10110K, committed 10368K, reserved 1114112K
  class space    used 1493K, committed 1600K, reserved 1048576K
}
Event: 458.954 GC heap after
{Heap after GC invocations=397 (full 15):
 garbage-first heap   total 256000K, used 79786K [0x00000007c0000000, 0x0000000800000000)
  region size 1024K, 1 young (1024K), 1 survivors (1024K)
 Metaspace       used 10110K, committed 10368K, reserved 1114112K
  class space    used 1493K, committed 1600K, reserved 1048576K
}
Event: 459.172 GC heap before
{Heap before GC invocations=397 (full 15):
 garbage-first heap   total 256000K, used 232362K [0x00000007c0000000, 0x0000000800000000)
  region size 1024K, 150 young (153600K), 1 survivors (1024K)
 Metaspace       used 10110K, committed 10368K, reserved 1114112K
  class space    used 1493K, committed 1600K, reserved 1048576K
}
Event: 459.173 GC heap after
{Heap after GC invocations=398 (full 15):
 garbage-first heap   total 256000K, used 79786K [0x00000007c0000000, 0x0000000800000000)
  region size 1024K, 1 young (1024K), 1 survivors (1024K)
 Metaspace       used 10110K, committed 10368K, reserved 1114112K
  class space    used 1493K, committed 1600K, reserved 1048576K
}
Event: 459.396 GC heap before
{Heap before GC invocations=398 (full 15):
 garbage-first heap   total 256000K, used 232362K [0x00000007c0000000, 0x0000000800000000)
  region size 1024K, 150 young (153600K), 1 survivors (1024K)
 Metaspace       used 10110K, committed 10368K, reserved 1114112K
  class space    used 1493K, committed 1600K, reserved 1048576K
}
Event: 459.396 GC heap after
{Heap after GC invocations=399 (full 15):
 garbage-first heap   total 256000K, used 79788K [0x00000007c0000000, 0x0000000800000000)
  region size 1024K, 1 young (1024K), 1 survivors (1024K)
 Metaspace       used 10110K, committed 10368K, reserved 1114112K
  class space    used 1493K, committed 1600K, reserved 1048576K
}
Event: 459.612 GC heap before
{Heap before GC invocations=399 (full 15):
 garbage-first heap   total 256000K, used 232364K [0x00000007c0000000, 0x0000000800000000)
  region size 1024K, 150 young (153600K), 1 survivors (1024K)
 Metaspace       used 10110K, committed 10368K, reserved 1114112K
  class space    used 1493K, committed 1600K, reserved 1048576K
}
Event: 459.612 GC heap after
{Heap after GC invocations=400 (full 15):
 garbage-first heap   total 256000K, used 79786K [0x00000007c0000000, 0x0000000800000000)
  region size 1024K, 1 young (1024K), 1 survivors (1024K)
 Metaspace       used 10110K, committed 10368K, reserved 1114112K
  class space    used 1493K, committed 1600K, reserved 1048576K
}
Event: 493.602 GC heap before
{Heap before GC invocations=400 (full 15):
 garbage-first heap   total 256000K, used 83882K [0x00000007c0000000, 0x0000000800000000)
  region size 1024K, 6 young (6144K), 1 survivors (1024K)
 Metaspace       used 10110K, committed 10368K, reserved 1114112K
  class space    used 1493K, committed 1600K, reserved 1048576K
}
Event: 493.632 GC heap after
{Heap after GC invocations=401 (full 16):
 garbage-first heap   total 256000K, used 79762K [0x00000007c0000000, 0x0000000800000000)
  region size 1024K, 0 young (0K), 0 survivors (0K)
 Metaspace       used 10110K, committed 10368K, reserved 1114112K
  class space    used 1493K, committed 1600K, reserved 1048576K
}
Event: 502.698 GC heap before
{Heap before GC invocations=401 (full 16):
 garbage-first heap   total 256000K, used 79762K [0x00000007c0000000, 0x0000000800000000)
  region size 1024K, 1 young (1024K), 0 survivors (0K)
 Metaspace       used 10110K, committed 10368K, reserved 1114112K
  class space    used 1493K, committed 1600K, reserved 1048576K
}
Event: 502.727 GC heap after
{Heap after GC invocations=402 (full 17):
 garbage-first heap   total 256000K, used 79762K [0x00000007c0000000, 0x0000000800000000)
  region size 1024K, 0 young (0K), 0 survivors (0K)
 Metaspace       used 10110K, committed 10368K, reserved 1114112K
  class space    used 1493K, committed 1600K, reserved 1048576K
}
Event: 625.589 GC heap before
{Heap before GC invocations=402 (full 17):
 garbage-first heap   total 256000K, used 79762K [0x00000007c0000000, 0x0000000800000000)
  region size 1024K, 1 young (1024K), 0 survivors (0K)
 Metaspace       used 10110K, committed 10368K, reserved 1114112K
  class space    used 1493K, committed 1600K, reserved 1048576K
}
Event: 625.611 GC heap after
{Heap after GC invocations=403 (full 18):
 garbage-first heap   total 256000K, used 79762K [0x00000007c0000000, 0x0000000800000000)
  region size 1024K, 0 young (0K), 0 survivors (0K)
 Metaspace       used 10110K, committed 10368K, reserved 1114112K
  class space    used 1493K, committed 1600K, reserved 1048576K
}
Event: 689.952 GC heap before
{Heap before GC invocations=403 (full 18):
 garbage-first heap   total 256000K, used 79762K [0x00000007c0000000, 0x0000000800000000)
  region size 1024K, 1 young (1024K), 0 survivors (0K)
 Metaspace       used 10110K, committed 10368K, reserved 1114112K
  class space    used 1493K, committed 1600K, reserved 1048576K
}
Event: 689.979 GC heap after
{Heap after GC invocations=404 (full 19):
 garbage-first heap   total 256000K, used 79763K [0x00000007c0000000, 0x0000000800000000)
  region size 1024K, 0 young (0K), 0 survivors (0K)
 Metaspace       used 10110K, committed 10368K, reserved 1114112K
  class space    used 1493K, committed 1600K, reserved 1048576K
}

