# JRE version: OpenJDK Runtime Environment (21.0.2+13) (build 21.0.2+13-58)
# Java VM: OpenJDK 64-Bit Server VM (21.0.2+13-58, mixed mode, sharing, tiered, compressed oops, compressed class ptrs, g1 gc, bsd-aarch64)
GC Precious Log:
 CardTable entry size: 512
 Card Set container configuration: InlinePtr #cards 5 size 8 Array Of Cards #cards 12 size 40 Howl #buckets 4 coarsen threshold 1843 Howl Bitmap #cards 512 size 80 coarsen threshold 460 Card regions per heap region 1 cards per card region 2048
 CPUs: 10 total, 10 available
 Memory: 16384M
 Large Page Support: Disabled
 NUMA Support: Disabled
 Compressed Oops: Enabled (Zero based)
 Heap Region Size: 1M
 Heap Min Capacity: 8M
 Heap Initial Capacity: 256M
 Heap Max Capacity: 1G
 Pre-touch: Disabled
 Parallel Workers: 9
 Concurrent Workers: 2
 Concurrent Refinement Workers: 9
 Periodic GC: Disabled
Heap:
 garbage-first heap   total 270336K, used 80009K [0x00000007c0000000, 0x0000000800000000)
  region size 1024K, 2 young (2048K), 0 survivors (0K)
 Metaspace       used 10090K, committed 10304K, reserved 1114112K
  class space    used 1486K, committed 1600K, reserved 1048576K
GC Heap History (20 events):
Event: 3938.063 GC heap before
{Heap before GC invocations=1219 (full 15):
 garbage-first heap   total 270336K, used 239773K [0x00000007c0000000, 0x0000000800000000)
  region size 1024K, 158 young (161792K), 1 survivors (1024K)
 Metaspace       used 10088K, committed 10304K, reserved 1114112K
  class space    used 1485K, committed 1600K, reserved 1048576K
}
Event: 3938.064 GC heap after
{Heap after GC invocations=1220 (full 15):
 garbage-first heap   total 270336K, used 79017K [0x00000007c0000000, 0x0000000800000000)
  region size 1024K, 1 young (1024K), 1 survivors (1024K)
 Metaspace       used 10088K, committed 10304K, reserved 1114112K
  class space    used 1485K, committed 1600K, reserved 1048576K
}
Event: 3938.236 GC heap before
{Heap before GC invocations=1220 (full 15):
 garbage-first heap   total 270336K, used 239785K [0x00000007c0000000, 0x0000000800000000)
  region size 1024K, 158 young (161792K), 1 survivors (1024K)
 Metaspace       used 10088K, committed 10304K, reserved 1114112K
  class space    used 1485K, committed 1600K, reserved 1048576K
}
Event: 3938.236 GC heap after
{Heap after GC invocations=1221 (full 15):
 garbage-first heap   total 270336K, used 78999K [0x00000007c0000000, 0x0000000800000000)
  region size 1024K, 1 young (1024K), 1 survivors (1024K)
 Metaspace       used 10088K, committed 10304K, reserved 1114112K
  class space    used 1485K, committed 1600K, reserved 1048576K
}
Event: 3938.418 GC heap before
{Heap before GC invocations=1221 (full 15):
 garbage-first heap   total 270336K, used 239767K [0x00000007c0000000, 0x0000000800000000)
  region size 1024K, 158 young (161792K), 1 survivors (1024K)
 Metaspace       used 10088K, committed 10304K, reserved 1114112K
  class space    used 1485K, committed 1600K, reserved 1048576K
}
Event: 3938.418 GC heap after
{Heap after GC invocations=1222 (full 15):
 garbage-first heap   total 270336K, used 79003K [0x00000007c0000000, 0x0000000800000000)
  region size 1024K, 1 young (1024K), 1 survivors (1024K)
 Metaspace       used 10088K, committed 10304K, reserved 1114112K
  class space    used 1485K, committed 1600K, reserved 1048576K
}
Event: 3938.614 GC heap before
{Heap before GC invocations=1222 (full 15):
 garbage-first heap   total 270336K, used 239771K [0x00000007c0000000, 0x0000000800000000)
  region size 1024K, 158 young (161792K), 1 survivors (1024K)
 Metaspace       used 10088K, committed 10304K, reserved 1114112K
  class space    used 1485K, committed 1600K, reserved 1048576K
}
Event: 3938.614 GC heap after
{Heap after GC invocations=1223 (full 15):
 garbage-first heap   total 270336K, used 79005K [0x00000007c0000000, 0x0000000800000000)
  region size 1024K, 1 young (1024K), 1 survivors (1024K)
 Metaspace       used 10088K, committed 10304K, reserved 1114112K
  class space    used 1485K, committed 1600K, reserved 1048576K
}
Event: 3938.848 GC heap before
{Heap before GC invocations=1223 (full 15):
 garbage-first heap   total 270336K, used 239773K [0x00000007c0000000, 0x0000000800000000)
  region size 1024K, 158 young (161792K), 1 survivors (1024K)
 Metaspace       used 10088K, committed 10304K, reserved 1114112K
  class space    used 1485K, committed 1600K, reserved 1048576K
}
Event: 3938.849 GC heap after
{Heap after GC invocations=1224 (full 15):
 garbage-first heap   total 270336K, used 79001K [0x00000007c0000000, 0x0000000800000000)
  region size 1024K, 1 young (1024K), 1 survivors (1024K)
 Metaspace       used 10088K, committed 10304K, reserved 1114112K
  class space    used 1485K, committed 1600K, reserved 1048576K
}
Event: 3939.040 GC heap before
{Heap before GC invocations=1224 (full 15):
 garbage-first heap   total 270336K, used 239769K [0x00000007c0000000, 0x0000000800000000)
  region size 1024K, 158 young (161792K), 1 survivors (1024K)
 Metaspace       used 10088K, committed 10304K, reserved 1114112K
  class space    used 1485K, committed 1600K, reserved 1048576K
}
Event: 3939.040 GC heap after
{Heap after GC invocations=1225 (full 15):
 garbage-first heap   total 270336K, used 78999K [0x00000007c0000000, 0x0000000800000000)
  region size 1024K, 1 young (1024K), 1 survivors (1024K)
 Metaspace       used 10088K, committed 10304K, reserved 1114112K
  class space    used 1485K, committed 1600K, reserved 1048576K
}
Event: 3939.231 GC heap before
{Heap before GC invocations=1225 (full 15):
 garbage-first heap   total 270336K, used 239767K [0x00000007c0000000, 0x0000000800000000)
  region size 1024K, 158 young (161792K), 1 survivors (1024K)
 Metaspace       used 10088K, committed 10304K, reserved 1114112K
  class space    used 1485K, committed 1600K, reserved 1048576K
}
Event: 3939.232 GC heap after
{Heap after GC invocations=1226 (full 15):
 garbage-first heap   total 270336K, used 79007K [0x00000007c0000000, 0x0000000800000000)
  region size 1024K, 1 young (1024K), 1 survivors (1024K)
 Metaspace       used 10088K, committed 10304K, reserved 1114112K
  class space    used 1485K, committed 1600K, reserved 1048576K
}
Event: 3939.418 GC heap before
{Heap before GC invocations=1226 (full 15):
 garbage-first heap   total 270336K, used 239775K [0x00000007c0000000, 0x0000000800000000)
  region size 1024K, 158 young (161792K), 1 survivors (1024K)
 Metaspace       used 10088K, committed 10304K, reserved 1114112K
  class space    used 1485K, committed 1600K, reserved 1048576K
}
Event: 3939.419 GC heap after
{Heap after GC invocations=1227 (full 15):
 garbage-first heap   total 270336K, used 79001K [0x00000007c0000000, 0x0000000800000000)
  region size 1024K, 1 young (1024K), 1 survivors (1024K)
 Metaspace       used 10088K, committed 10304K, reserved 1114112K
  class space    used 1485K, committed 1600K, reserved 1048576K
}
Event: 3939.606 GC heap before
{Heap before GC invocations=1227 (full 15):
 garbage-first heap   total 270336K, used 239769K [0x00000007c0000000, 0x0000000800000000)
  region size 1024K, 158 young (161792K), 1 survivors (1024K)
 Metaspace       used 10088K, committed 10304K, reserved 1114112K
  class space    used 1485K, committed 1600K, reserved 1048576K
}
Event: 3939.606 GC heap after
{Heap after GC invocations=1228 (full 15):
 garbage-first heap   total 270336K, used 79005K [0x00000007c0000000, 0x0000000800000000)
  region size 1024K, 1 young (1024K), 1 survivors (1024K)
 Metaspace       used 10088K, committed 10304K, reserved 1114112K
  class space    used 1485K, committed 1600K, reserved 1048576K
}
Event: 3945.209 GC heap before
{Heap before GC invocations=1228 (full 15):
 garbage-first heap   total 270336K, used 123037K [0x00000007c0000000, 0x0000000800000000)
  region size 1024K, 45 young (46080K), 1 survivors (1024K)
 Metaspace       used 10088K, committed 10304K, reserved 1114112K
  class space    used 1485K, committed 1600K, reserved 1048576K
}
Event: 3945.234 GC heap after
{Heap after GC invocations=1229 (full 16):
 garbage-first heap   total 270336K, used 78985K [0x00000007c0000000, 0x0000000800000000)
  region size 1024K, 0 young (0K), 0 survivors (0K)
 Metaspace       used 10088K, committed 10304K, reserved 1114112K
  class space    used 1485K, committed 1600K, reserved 1048576K
}

