# JRE version: OpenJDK Runtime Environment (21.0.2+13) (build 21.0.2+13-58)
# Java VM: OpenJDK 64-Bit Server VM (21.0.2+13-58, mixed mode, sharing, tiered, compressed oops, compressed class ptrs, g1 gc, bsd-aarch64)
GC Precious Log:
 CardTable entry size: 512
 Card Set container configuration: InlinePtr #cards 5 size 8 Array Of Cards #cards 12 size 40 Howl #buckets 4 coarsen threshold 1843 Howl Bitmap #cards 512 size 80 coarsen threshold 460 Card regions per heap region 1 cards per card region 2048
 CPUs: 10 total, 10 available
 Memory: 16384M
 Large Page Support: Disabled
 NUMA Support: Disabled
 Compressed Oops: Enabled (Zero based)
 Heap Region Size: 1M
 Heap Min Capacity: 8M
 Heap Initial Capacity: 256M
 Heap Max Capacity: 1G
 Pre-touch: Disabled
 Parallel Workers: 9
 Concurrent Workers: 2
 Concurrent Refinement Workers: 9
 Periodic GC: Disabled
Heap:
 garbage-first heap   total 219136K, used 114547K [0x00000007c0000000, 0x0000000800000000)
  region size 1024K, 36 young (36864K), 1 survivors (1024K)
 Metaspace       used 10109K, committed 10304K, reserved 1114112K
  class space    used 1493K, committed 1600K, reserved 1048576K
GC Heap History (20 events):
Event: 42.859 GC heap before
{Heap before GC invocations=362 (full 11):
 garbage-first heap   total 219136K, used 200559K [0x00000007c0000000, 0x0000000800000000)
  region size 1024K, 119 young (121856K), 1 survivors (1024K)
 Metaspace       used 10102K, committed 10304K, reserved 1114112K
  class space    used 1492K, committed 1600K, reserved 1048576K
}
Event: 42.859 GC heap after
{Heap after GC invocations=363 (full 11):
 garbage-first heap   total 219136K, used 79721K [0x00000007c0000000, 0x0000000800000000)
  region size 1024K, 1 young (1024K), 1 survivors (1024K)
 Metaspace       used 10102K, committed 10304K, reserved 1114112K
  class space    used 1492K, committed 1600K, reserved 1048576K
}
Event: 42.986 GC heap before
{Heap before GC invocations=363 (full 11):
 garbage-first heap   total 219136K, used 200553K [0x00000007c0000000, 0x0000000800000000)
  region size 1024K, 119 young (121856K), 1 survivors (1024K)
 Metaspace       used 10102K, committed 10304K, reserved 1114112K
  class space    used 1492K, committed 1600K, reserved 1048576K
}
Event: 42.986 GC heap after
{Heap after GC invocations=364 (full 11):
 garbage-first heap   total 219136K, used 79731K [0x00000007c0000000, 0x0000000800000000)
  region size 1024K, 1 young (1024K), 1 survivors (1024K)
 Metaspace       used 10102K, committed 10304K, reserved 1114112K
  class space    used 1492K, committed 1600K, reserved 1048576K
}
Event: 43.115 GC heap before
{Heap before GC invocations=364 (full 11):
 garbage-first heap   total 219136K, used 200563K [0x00000007c0000000, 0x0000000800000000)
  region size 1024K, 119 young (121856K), 1 survivors (1024K)
 Metaspace       used 10102K, committed 10304K, reserved 1114112K
  class space    used 1492K, committed 1600K, reserved 1048576K
}
Event: 43.115 GC heap after
{Heap after GC invocations=365 (full 11):
 garbage-first heap   total 219136K, used 79721K [0x00000007c0000000, 0x0000000800000000)
  region size 1024K, 1 young (1024K), 1 survivors (1024K)
 Metaspace       used 10102K, committed 10304K, reserved 1114112K
  class space    used 1492K, committed 1600K, reserved 1048576K
}
Event: 43.241 GC heap before
{Heap before GC invocations=365 (full 11):
 garbage-first heap   total 219136K, used 200553K [0x00000007c0000000, 0x0000000800000000)
  region size 1024K, 119 young (121856K), 1 survivors (1024K)
 Metaspace       used 10102K, committed 10304K, reserved 1114112K
  class space    used 1492K, committed 1600K, reserved 1048576K
}
Event: 43.242 GC heap after
{Heap after GC invocations=366 (full 11):
 garbage-first heap   total 219136K, used 79721K [0x00000007c0000000, 0x0000000800000000)
  region size 1024K, 1 young (1024K), 1 survivors (1024K)
 Metaspace       used 10102K, committed 10304K, reserved 1114112K
  class space    used 1492K, committed 1600K, reserved 1048576K
}
Event: 43.375 GC heap before
{Heap before GC invocations=366 (full 11):
 garbage-first heap   total 219136K, used 200553K [0x00000007c0000000, 0x0000000800000000)
  region size 1024K, 119 young (121856K), 1 survivors (1024K)
 Metaspace       used 10102K, committed 10304K, reserved 1114112K
  class space    used 1492K, committed 1600K, reserved 1048576K
}
Event: 43.375 GC heap after
{Heap after GC invocations=367 (full 11):
 garbage-first heap   total 219136K, used 79727K [0x00000007c0000000, 0x0000000800000000)
  region size 1024K, 1 young (1024K), 1 survivors (1024K)
 Metaspace       used 10102K, committed 10304K, reserved 1114112K
  class space    used 1492K, committed 1600K, reserved 1048576K
}
Event: 43.503 GC heap before
{Heap before GC invocations=367 (full 11):
 garbage-first heap   total 219136K, used 200559K [0x00000007c0000000, 0x0000000800000000)
  region size 1024K, 119 young (121856K), 1 survivors (1024K)
 Metaspace       used 10102K, committed 10304K, reserved 1114112K
  class space    used 1492K, committed 1600K, reserved 1048576K
}
Event: 43.504 GC heap after
{Heap after GC invocations=368 (full 11):
 garbage-first heap   total 219136K, used 79725K [0x00000007c0000000, 0x0000000800000000)
  region size 1024K, 1 young (1024K), 1 survivors (1024K)
 Metaspace       used 10102K, committed 10304K, reserved 1114112K
  class space    used 1492K, committed 1600K, reserved 1048576K
}
Event: 43.633 GC heap before
{Heap before GC invocations=368 (full 11):
 garbage-first heap   total 219136K, used 200557K [0x00000007c0000000, 0x0000000800000000)
  region size 1024K, 119 young (121856K), 1 survivors (1024K)
 Metaspace       used 10102K, committed 10304K, reserved 1114112K
  class space    used 1492K, committed 1600K, reserved 1048576K
}
Event: 43.633 GC heap after
{Heap after GC invocations=369 (full 11):
 garbage-first heap   total 219136K, used 79727K [0x00000007c0000000, 0x0000000800000000)
  region size 1024K, 1 young (1024K), 1 survivors (1024K)
 Metaspace       used 10102K, committed 10304K, reserved 1114112K
  class space    used 1492K, committed 1600K, reserved 1048576K
}
Event: 43.762 GC heap before
{Heap before GC invocations=369 (full 11):
 garbage-first heap   total 219136K, used 200559K [0x00000007c0000000, 0x0000000800000000)
  region size 1024K, 119 young (121856K), 1 survivors (1024K)
 Metaspace       used 10102K, committed 10304K, reserved 1114112K
  class space    used 1492K, committed 1600K, reserved 1048576K
}
Event: 43.762 GC heap after
{Heap after GC invocations=370 (full 11):
 garbage-first heap   total 219136K, used 79723K [0x00000007c0000000, 0x0000000800000000)
  region size 1024K, 1 young (1024K), 1 survivors (1024K)
 Metaspace       used 10102K, committed 10304K, reserved 1114112K
  class space    used 1492K, committed 1600K, reserved 1048576K
}
Event: 43.890 GC heap before
{Heap before GC invocations=370 (full 11):
 garbage-first heap   total 219136K, used 200555K [0x00000007c0000000, 0x0000000800000000)
  region size 1024K, 119 young (121856K), 1 survivors (1024K)
 Metaspace       used 10102K, committed 10304K, reserved 1114112K
  class space    used 1492K, committed 1600K, reserved 1048576K
}
Event: 43.890 GC heap after
{Heap after GC invocations=371 (full 11):
 garbage-first heap   total 219136K, used 79721K [0x00000007c0000000, 0x0000000800000000)
  region size 1024K, 1 young (1024K), 1 survivors (1024K)
 Metaspace       used 10102K, committed 10304K, reserved 1114112K
  class space    used 1492K, committed 1600K, reserved 1048576K
}
Event: 44.016 GC heap before
{Heap before GC invocations=371 (full 11):
 garbage-first heap   total 219136K, used 200553K [0x00000007c0000000, 0x0000000800000000)
  region size 1024K, 119 young (121856K), 1 survivors (1024K)
 Metaspace       used 10102K, committed 10304K, reserved 1114112K
  class space    used 1492K, committed 1600K, reserved 1048576K
}
Event: 44.017 GC heap after
{Heap after GC invocations=372 (full 11):
 garbage-first heap   total 219136K, used 79731K [0x00000007c0000000, 0x0000000800000000)
  region size 1024K, 1 young (1024K), 1 survivors (1024K)
 Metaspace       used 10102K, committed 10304K, reserved 1114112K
  class space    used 1492K, committed 1600K, reserved 1048576K
}

