# JRE version: OpenJDK Runtime Environment (21.0.2+13) (build 21.0.2+13-58)
# Java VM: OpenJDK 64-Bit Server VM (21.0.2+13-58, mixed mode, sharing, tiered, compressed oops, compressed class ptrs, g1 gc, bsd-aarch64)
GC Precious Log:
 CardTable entry size: 512
 Card Set container configuration: InlinePtr #cards 5 size 8 Array Of Cards #cards 12 size 40 Howl #buckets 4 coarsen threshold 1843 Howl Bitmap #cards 512 size 80 coarsen threshold 460 Card regions per heap region 1 cards per card region 2048
 CPUs: 10 total, 10 available
 Memory: 16384M
 Large Page Support: Disabled
 NUMA Support: Disabled
 Compressed Oops: Enabled (Zero based)
 Heap Region Size: 1M
 Heap Min Capacity: 8M
 Heap Initial Capacity: 256M
 Heap Max Capacity: 1G
 Pre-touch: Disabled
 Parallel Workers: 9
 Concurrent Workers: 2
 Concurrent Refinement Workers: 9
 Periodic GC: Disabled
Heap:
 garbage-first heap   total 273408K, used 160797K [0x00000007c0000000, 0x0000000800000000)
  region size 1024K, 82 young (83968K), 1 survivors (1024K)
 Metaspace       used 10108K, committed 10304K, reserved 1114112K
  class space    used 1488K, committed 1600K, reserved 1048576K
GC Heap History (20 events):
Event: 10764.272 GC heap before
{Heap before GC invocations=1738 (full 17):
 garbage-first heap   total 273408K, used 241709K [0x00000007c0000000, 0x0000000800000000)
  region size 1024K, 160 young (163840K), 1 survivors (1024K)
 Metaspace       used 10108K, committed 10304K, reserved 1114112K
  class space    used 1488K, committed 1600K, reserved 1048576K
}
Event: 10764.273 GC heap after
{Heap after GC invocations=1739 (full 17):
 garbage-first heap   total 273408K, used 78877K [0x00000007c0000000, 0x0000000800000000)
  region size 1024K, 1 young (1024K), 1 survivors (1024K)
 Metaspace       used 10108K, committed 10304K, reserved 1114112K
  class space    used 1488K, committed 1600K, reserved 1048576K
}
Event: 10764.526 GC heap before
{Heap before GC invocations=1739 (full 17):
 garbage-first heap   total 273408K, used 241693K [0x00000007c0000000, 0x0000000800000000)
  region size 1024K, 160 young (163840K), 1 survivors (1024K)
 Metaspace       used 10108K, committed 10304K, reserved 1114112K
  class space    used 1488K, committed 1600K, reserved 1048576K
}
Event: 10764.526 GC heap after
{Heap after GC invocations=1740 (full 17):
 garbage-first heap   total 273408K, used 78891K [0x00000007c0000000, 0x0000000800000000)
  region size 1024K, 1 young (1024K), 1 survivors (1024K)
 Metaspace       used 10108K, committed 10304K, reserved 1114112K
  class space    used 1488K, committed 1600K, reserved 1048576K
}
Event: 10764.778 GC heap before
{Heap before GC invocations=1740 (full 17):
 garbage-first heap   total 273408K, used 241707K [0x00000007c0000000, 0x0000000800000000)
  region size 1024K, 160 young (163840K), 1 survivors (1024K)
 Metaspace       used 10108K, committed 10304K, reserved 1114112K
  class space    used 1488K, committed 1600K, reserved 1048576K
}
Event: 10764.779 GC heap after
{Heap after GC invocations=1741 (full 17):
 garbage-first heap   total 273408K, used 78885K [0x00000007c0000000, 0x0000000800000000)
  region size 1024K, 1 young (1024K), 1 survivors (1024K)
 Metaspace       used 10108K, committed 10304K, reserved 1114112K
  class space    used 1488K, committed 1600K, reserved 1048576K
}
Event: 10765.028 GC heap before
{Heap before GC invocations=1741 (full 17):
 garbage-first heap   total 273408K, used 241701K [0x00000007c0000000, 0x0000000800000000)
  region size 1024K, 160 young (163840K), 1 survivors (1024K)
 Metaspace       used 10108K, committed 10304K, reserved 1114112K
  class space    used 1488K, committed 1600K, reserved 1048576K
}
Event: 10765.028 GC heap after
{Heap after GC invocations=1742 (full 17):
 garbage-first heap   total 273408K, used 78877K [0x00000007c0000000, 0x0000000800000000)
  region size 1024K, 1 young (1024K), 1 survivors (1024K)
 Metaspace       used 10108K, committed 10304K, reserved 1114112K
  class space    used 1488K, committed 1600K, reserved 1048576K
}
Event: 10765.282 GC heap before
{Heap before GC invocations=1742 (full 17):
 garbage-first heap   total 273408K, used 241693K [0x00000007c0000000, 0x0000000800000000)
  region size 1024K, 160 young (163840K), 1 survivors (1024K)
 Metaspace       used 10108K, committed 10304K, reserved 1114112K
  class space    used 1488K, committed 1600K, reserved 1048576K
}
Event: 10765.282 GC heap after
{Heap after GC invocations=1743 (full 17):
 garbage-first heap   total 273408K, used 78879K [0x00000007c0000000, 0x0000000800000000)
  region size 1024K, 1 young (1024K), 1 survivors (1024K)
 Metaspace       used 10108K, committed 10304K, reserved 1114112K
  class space    used 1488K, committed 1600K, reserved 1048576K
}
Event: 10765.535 GC heap before
{Heap before GC invocations=1743 (full 17):
 garbage-first heap   total 273408K, used 241695K [0x00000007c0000000, 0x0000000800000000)
  region size 1024K, 160 young (163840K), 1 survivors (1024K)
 Metaspace       used 10108K, committed 10304K, reserved 1114112K
  class space    used 1488K, committed 1600K, reserved 1048576K
}
Event: 10765.535 GC heap after
{Heap after GC invocations=1744 (full 17):
 garbage-first heap   total 273408K, used 78885K [0x00000007c0000000, 0x0000000800000000)
  region size 1024K, 1 young (1024K), 1 survivors (1024K)
 Metaspace       used 10108K, committed 10304K, reserved 1114112K
  class space    used 1488K, committed 1600K, reserved 1048576K
}
Event: 10765.787 GC heap before
{Heap before GC invocations=1744 (full 17):
 garbage-first heap   total 273408K, used 241701K [0x00000007c0000000, 0x0000000800000000)
  region size 1024K, 160 young (163840K), 1 survivors (1024K)
 Metaspace       used 10108K, committed 10304K, reserved 1114112K
  class space    used 1488K, committed 1600K, reserved 1048576K
}
Event: 10765.788 GC heap after
{Heap after GC invocations=1745 (full 17):
 garbage-first heap   total 273408K, used 78881K [0x00000007c0000000, 0x0000000800000000)
  region size 1024K, 1 young (1024K), 1 survivors (1024K)
 Metaspace       used 10108K, committed 10304K, reserved 1114112K
  class space    used 1488K, committed 1600K, reserved 1048576K
}
Event: 10766.041 GC heap before
{Heap before GC invocations=1745 (full 17):
 garbage-first heap   total 273408K, used 241697K [0x00000007c0000000, 0x0000000800000000)
  region size 1024K, 160 young (163840K), 1 survivors (1024K)
 Metaspace       used 10108K, committed 10304K, reserved 1114112K
  class space    used 1488K, committed 1600K, reserved 1048576K
}
Event: 10766.041 GC heap after
{Heap after GC invocations=1746 (full 17):
 garbage-first heap   total 273408K, used 78879K [0x00000007c0000000, 0x0000000800000000)
  region size 1024K, 1 young (1024K), 1 survivors (1024K)
 Metaspace       used 10108K, committed 10304K, reserved 1114112K
  class space    used 1488K, committed 1600K, reserved 1048576K
}
Event: 10766.296 GC heap before
{Heap before GC invocations=1746 (full 17):
 garbage-first heap   total 273408K, used 241695K [0x00000007c0000000, 0x0000000800000000)
  region size 1024K, 160 young (163840K), 1 survivors (1024K)
 Metaspace       used 10108K, committed 10304K, reserved 1114112K
  class space    used 1488K, committed 1600K, reserved 1048576K
}
Event: 10766.296 GC heap after
{Heap after GC invocations=1747 (full 17):
 garbage-first heap   total 273408K, used 78885K [0x00000007c0000000, 0x0000000800000000)
  region size 1024K, 1 young (1024K), 1 survivors (1024K)
 Metaspace       used 10108K, committed 10304K, reserved 1114112K
  class space    used 1488K, committed 1600K, reserved 1048576K
}
Event: 10766.549 GC heap before
{Heap before GC invocations=1747 (full 17):
 garbage-first heap   total 273408K, used 241701K [0x00000007c0000000, 0x0000000800000000)
  region size 1024K, 160 young (163840K), 1 survivors (1024K)
 Metaspace       used 10108K, committed 10304K, reserved 1114112K
  class space    used 1488K, committed 1600K, reserved 1048576K
}
Event: 10766.550 GC heap after
{Heap after GC invocations=1748 (full 17):
 garbage-first heap   total 273408K, used 78877K [0x00000007c0000000, 0x0000000800000000)
  region size 1024K, 1 young (1024K), 1 survivors (1024K)
 Metaspace       used 10108K, committed 10304K, reserved 1114112K
  class space    used 1488K, committed 1600K, reserved 1048576K
}

