# JRE version: OpenJDK Runtime Environment (21.0.2+13) (build 21.0.2+13-58)
# Java VM: OpenJDK 64-Bit Server VM (21.0.2+13-58, mixed mode, sharing, tiered, compressed oops, compressed class ptrs, g1 gc, bsd-aarch64)
GC Precious Log:
 CardTable entry size: 512
 Card Set container configuration: InlinePtr #cards 5 size 8 Array Of Cards #cards 12 size 40 Howl #buckets 4 coarsen threshold 1843 Howl Bitmap #cards 512 size 80 coarsen threshold 460 Card regions per heap region 1 cards per card region 2048
 CPUs: 10 total, 10 available
 Memory: 16384M
 Large Page Support: Disabled
 NUMA Support: Disabled
 Compressed Oops: Enabled (Zero based)
 Heap Region Size: 1M
 Heap Min Capacity: 8M
 Heap Initial Capacity: 256M
 Heap Max Capacity: 1G
 Pre-touch: Disabled
 Parallel Workers: 9
 Concurrent Workers: 2
 Concurrent Refinement Workers: 9
 Periodic GC: Disabled
Heap:
 garbage-first heap   total 260096K, used 79626K [0x00000007c0000000, 0x0000000800000000)
  region size 1024K, 1 young (1024K), 0 survivors (0K)
 Metaspace       used 10110K, committed 10304K, reserved 1114112K
  class space    used 1493K, committed 1600K, reserved 1048576K
GC Heap History (20 events):
Event: 834.894 GC heap before
{Heap before GC invocations=1028 (full 12):
 garbage-first heap   total 260096K, used 234265K [0x00000007c0000000, 0x0000000800000000)
  region size 1024K, 152 young (155648K), 1 survivors (1024K)
 Metaspace       used 10108K, committed 10304K, reserved 1114112K
  class space    used 1492K, committed 1600K, reserved 1048576K
}
Event: 834.894 GC heap after
{Heap after GC invocations=1029 (full 12):
 garbage-first heap   total 260096K, used 79643K [0x00000007c0000000, 0x0000000800000000)
  region size 1024K, 1 young (1024K), 1 survivors (1024K)
 Metaspace       used 10108K, committed 10304K, reserved 1114112K
  class space    used 1492K, committed 1600K, reserved 1048576K
}
Event: 835.088 GC heap before
{Heap before GC invocations=1029 (full 12):
 garbage-first heap   total 260096K, used 234267K [0x00000007c0000000, 0x0000000800000000)
  region size 1024K, 152 young (155648K), 1 survivors (1024K)
 Metaspace       used 10108K, committed 10304K, reserved 1114112K
  class space    used 1492K, committed 1600K, reserved 1048576K
}
Event: 835.088 GC heap after
{Heap after GC invocations=1030 (full 12):
 garbage-first heap   total 260096K, used 79645K [0x00000007c0000000, 0x0000000800000000)
  region size 1024K, 1 young (1024K), 1 survivors (1024K)
 Metaspace       used 10108K, committed 10304K, reserved 1114112K
  class space    used 1492K, committed 1600K, reserved 1048576K
}
Event: 835.261 GC heap before
{Heap before GC invocations=1030 (full 12):
 garbage-first heap   total 260096K, used 234269K [0x00000007c0000000, 0x0000000800000000)
  region size 1024K, 152 young (155648K), 1 survivors (1024K)
 Metaspace       used 10108K, committed 10304K, reserved 1114112K
  class space    used 1492K, committed 1600K, reserved 1048576K
}
Event: 835.261 GC heap after
{Heap after GC invocations=1031 (full 12):
 garbage-first heap   total 260096K, used 79641K [0x00000007c0000000, 0x0000000800000000)
  region size 1024K, 1 young (1024K), 1 survivors (1024K)
 Metaspace       used 10108K, committed 10304K, reserved 1114112K
  class space    used 1492K, committed 1600K, reserved 1048576K
}
Event: 835.436 GC heap before
{Heap before GC invocations=1031 (full 12):
 garbage-first heap   total 260096K, used 234265K [0x00000007c0000000, 0x0000000800000000)
  region size 1024K, 152 young (155648K), 1 survivors (1024K)
 Metaspace       used 10108K, committed 10304K, reserved 1114112K
  class space    used 1492K, committed 1600K, reserved 1048576K
}
Event: 835.436 GC heap after
{Heap after GC invocations=1032 (full 12):
 garbage-first heap   total 260096K, used 79645K [0x00000007c0000000, 0x0000000800000000)
  region size 1024K, 1 young (1024K), 1 survivors (1024K)
 Metaspace       used 10108K, committed 10304K, reserved 1114112K
  class space    used 1492K, committed 1600K, reserved 1048576K
}
Event: 835.609 GC heap before
{Heap before GC invocations=1032 (full 12):
 garbage-first heap   total 260096K, used 234269K [0x00000007c0000000, 0x0000000800000000)
  region size 1024K, 152 young (155648K), 1 survivors (1024K)
 Metaspace       used 10108K, committed 10304K, reserved 1114112K
  class space    used 1492K, committed 1600K, reserved 1048576K
}
Event: 835.610 GC heap after
{Heap after GC invocations=1033 (full 12):
 garbage-first heap   total 260096K, used 79641K [0x00000007c0000000, 0x0000000800000000)
  region size 1024K, 1 young (1024K), 1 survivors (1024K)
 Metaspace       used 10108K, committed 10304K, reserved 1114112K
  class space    used 1492K, committed 1600K, reserved 1048576K
}
Event: 835.800 GC heap before
{Heap before GC invocations=1033 (full 12):
 garbage-first heap   total 260096K, used 234265K [0x00000007c0000000, 0x0000000800000000)
  region size 1024K, 152 young (155648K), 1 survivors (1024K)
 Metaspace       used 10108K, committed 10304K, reserved 1114112K
  class space    used 1492K, committed 1600K, reserved 1048576K
}
Event: 835.800 GC heap after
{Heap after GC invocations=1034 (full 12):
 garbage-first heap   total 260096K, used 79643K [0x00000007c0000000, 0x0000000800000000)
  region size 1024K, 1 young (1024K), 1 survivors (1024K)
 Metaspace       used 10108K, committed 10304K, reserved 1114112K
  class space    used 1492K, committed 1600K, reserved 1048576K
}
Event: 835.982 GC heap before
{Heap before GC invocations=1034 (full 12):
 garbage-first heap   total 260096K, used 234267K [0x00000007c0000000, 0x0000000800000000)
  region size 1024K, 152 young (155648K), 1 survivors (1024K)
 Metaspace       used 10108K, committed 10304K, reserved 1114112K
  class space    used 1492K, committed 1600K, reserved 1048576K
}
Event: 835.982 GC heap after
{Heap after GC invocations=1035 (full 12):
 garbage-first heap   total 260096K, used 79647K [0x00000007c0000000, 0x0000000800000000)
  region size 1024K, 1 young (1024K), 1 survivors (1024K)
 Metaspace       used 10108K, committed 10304K, reserved 1114112K
  class space    used 1492K, committed 1600K, reserved 1048576K
}
Event: 836.160 GC heap before
{Heap before GC invocations=1035 (full 12):
 garbage-first heap   total 260096K, used 234271K [0x00000007c0000000, 0x0000000800000000)
  region size 1024K, 152 young (155648K), 1 survivors (1024K)
 Metaspace       used 10108K, committed 10304K, reserved 1114112K
  class space    used 1492K, committed 1600K, reserved 1048576K
}
Event: 836.161 GC heap after
{Heap after GC invocations=1036 (full 12):
 garbage-first heap   total 260096K, used 79641K [0x00000007c0000000, 0x0000000800000000)
  region size 1024K, 1 young (1024K), 1 survivors (1024K)
 Metaspace       used 10108K, committed 10304K, reserved 1114112K
  class space    used 1492K, committed 1600K, reserved 1048576K
}
Event: 836.339 GC heap before
{Heap before GC invocations=1036 (full 12):
 garbage-first heap   total 260096K, used 234265K [0x00000007c0000000, 0x0000000800000000)
  region size 1024K, 152 young (155648K), 1 survivors (1024K)
 Metaspace       used 10108K, committed 10304K, reserved 1114112K
  class space    used 1492K, committed 1600K, reserved 1048576K
}
Event: 836.339 GC heap after
{Heap after GC invocations=1037 (full 12):
 garbage-first heap   total 260096K, used 79645K [0x00000007c0000000, 0x0000000800000000)
  region size 1024K, 1 young (1024K), 1 survivors (1024K)
 Metaspace       used 10108K, committed 10304K, reserved 1114112K
  class space    used 1492K, committed 1600K, reserved 1048576K
}
Event: 864.383 GC heap before
{Heap before GC invocations=1037 (full 12):
 garbage-first heap   total 260096K, used 169757K [0x00000007c0000000, 0x0000000800000000)
  region size 1024K, 90 young (92160K), 1 survivors (1024K)
 Metaspace       used 10108K, committed 10304K, reserved 1114112K
  class space    used 1492K, committed 1600K, reserved 1048576K
}
Event: 864.417 GC heap after
{Heap after GC invocations=1038 (full 13):
 garbage-first heap   total 260096K, used 79626K [0x00000007c0000000, 0x0000000800000000)
  region size 1024K, 0 young (0K), 0 survivors (0K)
 Metaspace       used 10108K, committed 10304K, reserved 1114112K
  class space    used 1492K, committed 1600K, reserved 1048576K
}

