# JRE version: OpenJDK Runtime Environment (21.0.2+13) (build 21.0.2+13-58)
# Java VM: OpenJDK 64-Bit Server VM (21.0.2+13-58, mixed mode, sharing, tiered, compressed oops, compressed class ptrs, g1 gc, bsd-aarch64)
GC Precious Log:
 CardTable entry size: 512
 Card Set container configuration: InlinePtr #cards 5 size 8 Array Of Cards #cards 12 size 40 Howl #buckets 4 coarsen threshold 1843 Howl Bitmap #cards 512 size 80 coarsen threshold 460 Card regions per heap region 1 cards per card region 2048
 CPUs: 10 total, 10 available
 Memory: 16384M
 Large Page Support: Disabled
 NUMA Support: Disabled
 Compressed Oops: Enabled (Zero based)
 Heap Region Size: 1M
 Heap Min Capacity: 8M
 Heap Initial Capacity: 256M
 Heap Max Capacity: 1G
 Pre-touch: Disabled
 Parallel Workers: 9
 Concurrent Workers: 2
 Concurrent Refinement Workers: 9
 Periodic GC: Disabled
Heap:
 garbage-first heap   total 276480K, used 86013K [0x00000007c0000000, 0x0000000800000000)
  region size 1024K, 8 young (8192K), 1 survivors (1024K)
 Metaspace       used 10108K, committed 10304K, reserved 1114112K
  class space    used 1493K, committed 1600K, reserved 1048576K
GC Heap History (20 events):
Event: 5571.707 GC heap before
{Heap before GC invocations=1458 (full 13):
 garbage-first heap   total 276480K, used 244729K [0x00000007c0000000, 0x0000000800000000)
  region size 1024K, 162 young (165888K), 1 survivors (1024K)
 Metaspace       used 10107K, committed 10304K, reserved 1114112K
  class space    used 1492K, committed 1600K, reserved 1048576K
}
Event: 5571.707 GC heap after
{Heap after GC invocations=1459 (full 13):
 garbage-first heap   total 276480K, used 79867K [0x00000007c0000000, 0x0000000800000000)
  region size 1024K, 1 young (1024K), 1 survivors (1024K)
 Metaspace       used 10107K, committed 10304K, reserved 1114112K
  class space    used 1492K, committed 1600K, reserved 1048576K
}
Event: 5571.916 GC heap before
{Heap before GC invocations=1459 (full 13):
 garbage-first heap   total 276480K, used 244731K [0x00000007c0000000, 0x0000000800000000)
  region size 1024K, 162 young (165888K), 1 survivors (1024K)
 Metaspace       used 10107K, committed 10304K, reserved 1114112K
  class space    used 1492K, committed 1600K, reserved 1048576K
}
Event: 5571.916 GC heap after
{Heap after GC invocations=1460 (full 13):
 garbage-first heap   total 276480K, used 79863K [0x00000007c0000000, 0x0000000800000000)
  region size 1024K, 1 young (1024K), 1 survivors (1024K)
 Metaspace       used 10107K, committed 10304K, reserved 1114112K
  class space    used 1492K, committed 1600K, reserved 1048576K
}
Event: 5572.122 GC heap before
{Heap before GC invocations=1460 (full 13):
 garbage-first heap   total 276480K, used 244727K [0x00000007c0000000, 0x0000000800000000)
  region size 1024K, 162 young (165888K), 1 survivors (1024K)
 Metaspace       used 10107K, committed 10304K, reserved 1114112K
  class space    used 1492K, committed 1600K, reserved 1048576K
}
Event: 5572.122 GC heap after
{Heap after GC invocations=1461 (full 13):
 garbage-first heap   total 276480K, used 79867K [0x00000007c0000000, 0x0000000800000000)
  region size 1024K, 1 young (1024K), 1 survivors (1024K)
 Metaspace       used 10107K, committed 10304K, reserved 1114112K
  class space    used 1492K, committed 1600K, reserved 1048576K
}
Event: 5572.328 GC heap before
{Heap before GC invocations=1461 (full 13):
 garbage-first heap   total 276480K, used 244731K [0x00000007c0000000, 0x0000000800000000)
  region size 1024K, 162 young (165888K), 1 survivors (1024K)
 Metaspace       used 10107K, committed 10304K, reserved 1114112K
  class space    used 1492K, committed 1600K, reserved 1048576K
}
Event: 5572.329 GC heap after
{Heap after GC invocations=1462 (full 13):
 garbage-first heap   total 276480K, used 79875K [0x00000007c0000000, 0x0000000800000000)
  region size 1024K, 1 young (1024K), 1 survivors (1024K)
 Metaspace       used 10107K, committed 10304K, reserved 1114112K
  class space    used 1492K, committed 1600K, reserved 1048576K
}
Event: 5572.532 GC heap before
{Heap before GC invocations=1462 (full 13):
 garbage-first heap   total 276480K, used 244739K [0x00000007c0000000, 0x0000000800000000)
  region size 1024K, 162 young (165888K), 1 survivors (1024K)
 Metaspace       used 10107K, committed 10304K, reserved 1114112K
  class space    used 1492K, committed 1600K, reserved 1048576K
}
Event: 5572.533 GC heap after
{Heap after GC invocations=1463 (full 13):
 garbage-first heap   total 276480K, used 79867K [0x00000007c0000000, 0x0000000800000000)
  region size 1024K, 1 young (1024K), 1 survivors (1024K)
 Metaspace       used 10107K, committed 10304K, reserved 1114112K
  class space    used 1492K, committed 1600K, reserved 1048576K
}
Event: 5572.736 GC heap before
{Heap before GC invocations=1463 (full 13):
 garbage-first heap   total 276480K, used 244731K [0x00000007c0000000, 0x0000000800000000)
  region size 1024K, 162 young (165888K), 1 survivors (1024K)
 Metaspace       used 10107K, committed 10304K, reserved 1114112K
  class space    used 1492K, committed 1600K, reserved 1048576K
}
Event: 5572.736 GC heap after
{Heap after GC invocations=1464 (full 13):
 garbage-first heap   total 276480K, used 79877K [0x00000007c0000000, 0x0000000800000000)
  region size 1024K, 1 young (1024K), 1 survivors (1024K)
 Metaspace       used 10107K, committed 10304K, reserved 1114112K
  class space    used 1492K, committed 1600K, reserved 1048576K
}
Event: 5572.938 GC heap before
{Heap before GC invocations=1464 (full 13):
 garbage-first heap   total 276480K, used 244741K [0x00000007c0000000, 0x0000000800000000)
  region size 1024K, 162 young (165888K), 1 survivors (1024K)
 Metaspace       used 10107K, committed 10304K, reserved 1114112K
  class space    used 1492K, committed 1600K, reserved 1048576K
}
Event: 5572.939 GC heap after
{Heap after GC invocations=1465 (full 13):
 garbage-first heap   total 276480K, used 79871K [0x00000007c0000000, 0x0000000800000000)
  region size 1024K, 1 young (1024K), 1 survivors (1024K)
 Metaspace       used 10107K, committed 10304K, reserved 1114112K
  class space    used 1492K, committed 1600K, reserved 1048576K
}
Event: 5573.140 GC heap before
{Heap before GC invocations=1465 (full 13):
 garbage-first heap   total 276480K, used 244735K [0x00000007c0000000, 0x0000000800000000)
  region size 1024K, 162 young (165888K), 1 survivors (1024K)
 Metaspace       used 10107K, committed 10304K, reserved 1114112K
  class space    used 1492K, committed 1600K, reserved 1048576K
}
Event: 5573.141 GC heap after
{Heap after GC invocations=1466 (full 13):
 garbage-first heap   total 276480K, used 79869K [0x00000007c0000000, 0x0000000800000000)
  region size 1024K, 1 young (1024K), 1 survivors (1024K)
 Metaspace       used 10107K, committed 10304K, reserved 1114112K
  class space    used 1492K, committed 1600K, reserved 1048576K
}
Event: 5573.341 GC heap before
{Heap before GC invocations=1466 (full 13):
 garbage-first heap   total 276480K, used 244733K [0x00000007c0000000, 0x0000000800000000)
  region size 1024K, 162 young (165888K), 1 survivors (1024K)
 Metaspace       used 10107K, committed 10304K, reserved 1114112K
  class space    used 1492K, committed 1600K, reserved 1048576K
}
Event: 5573.341 GC heap after
{Heap after GC invocations=1467 (full 13):
 garbage-first heap   total 276480K, used 79865K [0x00000007c0000000, 0x0000000800000000)
  region size 1024K, 1 young (1024K), 1 survivors (1024K)
 Metaspace       used 10107K, committed 10304K, reserved 1114112K
  class space    used 1492K, committed 1600K, reserved 1048576K
}
Event: 5573.541 GC heap before
{Heap before GC invocations=1467 (full 13):
 garbage-first heap   total 276480K, used 244729K [0x00000007c0000000, 0x0000000800000000)
  region size 1024K, 162 young (165888K), 1 survivors (1024K)
 Metaspace       used 10107K, committed 10304K, reserved 1114112K
  class space    used 1492K, committed 1600K, reserved 1048576K
}
Event: 5573.541 GC heap after
{Heap after GC invocations=1468 (full 13):
 garbage-first heap   total 276480K, used 79869K [0x00000007c0000000, 0x0000000800000000)
  region size 1024K, 1 young (1024K), 1 survivors (1024K)
 Metaspace       used 10107K, committed 10304K, reserved 1114112K
  class space    used 1492K, committed 1600K, reserved 1048576K
}

